<?xml version="1.0" encoding="UTF-8"?>
<!-- Generated by org.testng.reporters.JUnitReportReporter -->
<testsuite skipped="0" hostname="Dell-New" name="module10.testCase.Execution" tests="10" failures="0" timestamp="2020-05-30T22:26:07 IST" time="3.282" errors="0">
  <testcase name="FormFill" time="0.315" classname="module10.testCase.Execution"/>
  <testcase name="FormFill" time="0.443" classname="module10.testCase.Execution"/>
  <testcase name="FormFill" time="0.316" classname="module10.testCase.Execution"/>
  <testcase name="FormFill" time="0.296" classname="module10.testCase.Execution"/>
  <testcase name="FormFill" time="0.338" classname="module10.testCase.Execution"/>
  <testcase name="FormFill" time="0.316" classname="module10.testCase.Execution"/>
  <testcase name="FormFill" time="0.329" classname="module10.testCase.Execution"/>
  <testcase name="FormFill" time="0.285" classname="module10.testCase.Execution"/>
  <testcase name="FormFill" time="0.331" classname="module10.testCase.Execution"/>
  <testcase name="FormFill" time="0.313" classname="module10.testCase.Execution"/>
</testsuite> <!-- module10.testCase.Execution -->
