<?xml version="1.0" encoding="UTF-8"?>
<!-- Generated by org.testng.reporters.JUnitReportReporter -->
<testsuite skipped="0" hostname="Dell-New" name="module5.Sequencing" tests="5" failures="0" timestamp="2020-05-10T22:27:18 IST" time="0.015" errors="0">
  <testcase name="Chennai" time="0.001" classname="module5.Sequencing"/>
  <testcase name="Mumbai" time="0.001" classname="module5.Sequencing"/>
  <testcase name="Banglore" time="0.011" classname="module5.Sequencing"/>
  <testcase name="Pune" time="0.001" classname="module5.Sequencing"/>
  <testcase name="Hyderabad" time="0.001" classname="module5.Sequencing"/>
</testsuite> <!-- module5.Sequencing -->
