<?xml version="1.0" encoding="UTF-8"?>
<!-- Generated by org.testng.reporters.JUnitReportReporter -->
<testsuite skipped="1" hostname="Dell-New" name="module5.Enabled" tests="7" failures="0" timestamp="2020-05-10T22:54:40 IST" time="20.410" errors="0">
  <testcase name="InitiateBrowser" time="6.050" classname="module5.Enabled"/>
  <testcase name="OpenAUT" time="2.381" classname="module5.Enabled"/>
  <testcase name="ClickLoginLink" time="0.404" classname="module5.Enabled"/>
  <testcase name="Login" time="4.796" classname="module5.Enabled"/>
  <testcase name="Logout" time="3.132" classname="module5.Enabled"/>
  <testcase name="CloseTestCase" time="3.647" classname="module5.Enabled"/>
  <testcase name="URLValidation" classname="module5.Enabled">
    <skipped/>
  </testcase> <!-- URLValidation -->
</testsuite> <!-- module5.Enabled -->
