<?xml version="1.0" encoding="UTF-8"?>
<!-- Generated by org.testng.reporters.JUnitReportReporter -->
<testsuite skipped="0" hostname="Dell-New" name="module5.DemoTestNGClass" tests="1" failures="0" timestamp="2020-05-10T21:18:08 IST" time="0.010" errors="0">
  <testcase name="Test1" time="0.010" classname="module5.DemoTestNGClass"/>
  <system-out/>
</testsuite> <!-- module5.DemoTestNGClass -->
