<?xml version="1.0" encoding="UTF-8"?>
<!-- Generated by org.testng.reporters.JUnitReportReporter -->
<testsuite skipped="0" hostname="Dell-New" name="module8.GRIDTest" tests="6" failures="0" timestamp="2020-05-23T21:40:58 IST" time="19.598" errors="0">
  <testcase name="openBrowser" time="6.036" classname="module8.GRIDTest"/>
  <testcase name="openBrowser" time="7.740" classname="module8.GRIDTest"/>
  <testcase name="OpenAUT" time="2.610" classname="module8.GRIDTest"/>
  <testcase name="OpenAUT" time="3.172" classname="module8.GRIDTest"/>
  <testcase name="Validate" time="0.017" classname="module8.GRIDTest"/>
  <testcase name="Validate" time="0.023" classname="module8.GRIDTest"/>
</testsuite> <!-- module8.GRIDTest -->
