<?xml version="1.0" encoding="UTF-8"?>
<!-- Generated by org.testng.reporters.JUnitReportReporter -->
<testsuite skipped="0" hostname="Dell-New" name="module5.Prioritization" tests="5" failures="0" timestamp="2020-05-10T22:32:18 IST" time="0.023" errors="0">
  <testcase name="Pune" time="0.014" classname="module5.Prioritization"/>
  <testcase name="Banglore" time="0.002" classname="module5.Prioritization"/>
  <testcase name="Mumbai" time="0.002" classname="module5.Prioritization"/>
  <testcase name="Hyderabad" time="0.002" classname="module5.Prioritization"/>
  <testcase name="Chennai" time="0.003" classname="module5.Prioritization"/>
</testsuite> <!-- module5.Prioritization -->
