<?xml version="1.0" encoding="UTF-8"?>
<!-- Generated by org.testng.reporters.JUnitReportReporter -->
<testsuite skipped="0" hostname="Dell-New" name="module5.Grouping" tests="5" failures="0" timestamp="2020-05-10T23:13:38 IST" time="0.025" errors="0">
  <testcase name="TC2" time="0.017" classname="module5.Grouping"/>
  <testcase name="TC3" time="0.002" classname="module5.Grouping"/>
  <testcase name="TC6" time="0.003" classname="module5.Grouping"/>
  <testcase name="TC5" time="0.002" classname="module5.Grouping"/>
  <testcase name="TC8" time="0.001" classname="module5.Grouping"/>
</testsuite> <!-- module5.Grouping -->
