<?xml version="1.0" encoding="UTF-8"?>
<!-- Generated by org.testng.reporters.JUnitReportReporter -->
<testsuite skipped="0" hostname="Dell-New" name="module5.CrossBroweser" tests="4" failures="0" timestamp="2020-05-16T21:35:24 IST" time="25.604" errors="0">
  <testcase name="InitiateBrowser" time="9.304" classname="module5.CrossBroweser"/>
  <testcase name="OpenAUT" time="4.919" classname="module5.CrossBroweser"/>
  <testcase name="Login" time="7.947" classname="module5.CrossBroweser"/>
  <testcase name="Logout" time="3.434" classname="module5.CrossBroweser"/>
</testsuite> <!-- module5.CrossBroweser -->
