<?xml version="1.0" encoding="UTF-8"?>
<!-- Generated by org.testng.reporters.JUnitReportReporter -->
<testsuite skipped="0" hostname="Dell-New" name="module5.DemoAnnotations" tests="1" failures="0" timestamp="2020-05-10T22:19:32 IST" time="5.475" errors="0">
  <testcase name="Login" time="5.475" classname="module5.DemoAnnotations"/>
  <system-out/>
</testsuite> <!-- module5.DemoAnnotations -->
