<?xml version="1.0" encoding="UTF-8"?>
<!-- Generated by org.testng.reporters.JUnitReportReporter -->
<testsuite skipped="0" hostname="Dell-New" name="module9.IDEExpertedScript" tests="1" failures="0" timestamp="2020-05-23T23:17:30 IST" time="7.474" errors="0">
  <testcase name="test1" time="7.474" classname="module9.IDEExpertedScript"/>
</testsuite> <!-- module9.IDEExpertedScript -->
